<?xml version="1.0" encoding="UTF-8"?>
<testsuite xmlns:xsi="http://www.w3.org/2001/XMLSchema-instance" xsi:noNamespaceSchemaLocation="https://maven.apache.org/surefire/maven-surefire-plugin/xsd/surefire-test-report-3.0.xsd" version="3.0" name="com.twitter.scrapper.TwitterTrendingScraper.TwitterTrendingScraperApplicationTests" time="4.79" tests="1" errors="0" skipped="0" failures="0">
  <properties>
[...]
</properties>
  <testcase name="contextLoads" classname="com.twitter.scrapper.TwitterTrendingScraper.TwitterTrendingScraperApplicationTests" time="0.984">
    <system-out><![CDATA[12:53:08.757 [main] INFO org.springframework.test.context.support.AnnotationConfigContextLoaderUtils -- Could not detect default configuration classes for test class [com.twitter.scrapper.TwitterTrendingScraper.TwitterTrendingScraperApplicationTests]: TwitterTrendingScraperApplicationTests does not declare any static, non-private, non-final, nested classes annotated with @Configuration.
12:53:08.879 [main] INFO org.springframework.boot.test.context.SpringBootTestContextBootstrapper -- Found @SpringBootConfiguration com.twitter.scrapper.TwitterTrendingScraper.TwitterTrendingScraperApplication for test class com.twitter.scrapper.TwitterTrendingScraper.TwitterTrendingScraperApplicationTests
12:53:09.116 [main] INFO org.springframework.boot.devtools.restart.RestartApplicationListener -- Restart disabled due to context in which it is running
  .   ____          _            __ _ _
 /\\ / ___'_ __ _ _(_)_ __  __ _ \ \ \ \
( ( )\___ | '_ | '_| | '_ \/ _` | \ \ \ \
 \\/  ___)| |_)| | | | | || (_| |  ) ) ) )
  '  |____| .__|_| |_|_| |_\__, | / / / /
 =========|_|==============|___/=/_/_/_/

 :: Spring Boot ::                (v3.3.0)

2024-06-03T12:53:09.470+05:30  INFO 26168 --- [TwitterTrendingScraper] [           main] T.TwitterTrendingScraperApplicationTests : Starting TwitterTrendingScraperApplicationTests using Java 21.0.1 with PID 26168 (started by Anand Yadav in D:\LEARNING\Internship\TwitterTrendingScraper)
2024-06-03T12:53:09.476+05:30  INFO 26168 --- [TwitterTrendingScraper] [           main] T.TwitterTrendingScraperApplicationTests : No active profile set, falling back to 1 default profile: "default"
2024-06-03T12:53:10.295+05:30  INFO 26168 --- [TwitterTrendingScraper] [           main] .s.d.r.c.RepositoryConfigurationDelegate : Bootstrapping Spring Data MongoDB repositories in DEFAULT mode.
2024-06-03T12:53:10.388+05:30  INFO 26168 --- [TwitterTrendingScraper] [           main] .s.d.r.c.RepositoryConfigurationDelegate : Finished Spring Data repository scanning in 80 ms. Found 1 MongoDB repository interface.
2024-06-03T12:53:11.172+05:30  INFO 26168 --- [TwitterTrendingScraper] [           main] org.mongodb.driver.client                : MongoClient with metadata {"driver": {"name": "mongo-java-driver|sync|spring-boot", "version": "5.0.1"}, "os": {"type": "Windows", "name": "Windows 11", "architecture": "amd64", "version": "10.0"}, "platform": "Java/Oracle Corporation/21.0.1+12-LTS-29"} created with settings MongoClientSettings{readPreference=primary, writeConcern=WriteConcern{w=null, wTimeout=null ms, journal=null}, retryWrites=true, retryReads=true, readConcern=ReadConcern{level=null}, credential=MongoCredential{mechanism=null, userName='anand', source='admin', password=<hidden>, mechanismProperties=<hidden>}, transportSettings=null, commandListeners=[], codecRegistry=ProvidersCodecRegistry{codecProviders=[ValueCodecProvider{}, BsonValueCodecProvider{}, DBRefCodecProvider{}, DBObjectCodecProvider{}, DocumentCodecProvider{}, CollectionCodecProvider{}, IterableCodecProvider{}, MapCodecProvider{}, GeoJsonCodecProvider{}, GridFSFileCodecProvider{}, Jsr310CodecProvider{}, JsonObjectCodecProvider{}, BsonCodecProvider{}, EnumCodecProvider{}, com.mongodb.client.model.mql.ExpressionCodecProvider@32118208, com.mongodb.Jep395RecordCodecProvider@414f87a9, com.mongodb.KotlinCodecProvider@1ddc6db2]}, loggerSettings=LoggerSettings{maxDocumentLength=1000}, clusterSettings={hosts=[127.0.0.1:27017], srvHost=cluster0.zfch7o1.mongodb.net, srvServiceName=mongodb, mode=MULTIPLE, requiredClusterType=REPLICA_SET, requiredReplicaSetName='atlas-optq5x-shard-0', serverSelector='null', clusterListeners='[]', serverSelectionTimeout='30000 ms', localThreshold='15 ms'}, socketSettings=SocketSettings{connectTimeoutMS=10000, readTimeoutMS=0, receiveBufferSize=0, proxySettings=ProxySettings{host=null, port=null, username=null, password=null}}, heartbeatSocketSettings=SocketSettings{connectTimeoutMS=10000, readTimeoutMS=10000, receiveBufferSize=0, proxySettings=ProxySettings{host=null, port=null, username=null, password=null}}, connectionPoolSettings=ConnectionPoolSettings{maxSize=100, minSize=0, maxWaitTimeMS=120000, maxConnectionLifeTimeMS=0, maxConnectionIdleTimeMS=0, maintenanceInitialDelayMS=0, maintenanceFrequencyMS=60000, connectionPoolListeners=[], maxConnecting=2}, serverSettings=ServerSettings{heartbeatFrequencyMS=10000, minHeartbeatFrequencyMS=500, serverListeners='[]', serverMonitorListeners='[]'}, sslSettings=SslSettings{enabled=true, invalidHostNameAllowed=false, context=null}, applicationName='null', compressorList=[], uuidRepresentation=JAVA_LEGACY, serverApi=null, autoEncryptionSettings=null, dnsClient=null, inetAddressResolver=null, contextProvider=null}
2024-06-03T12:53:11.367+05:30  INFO 26168 --- [TwitterTrendingScraper] [7o1.mongodb.net] org.mongodb.driver.cluster               : Adding discovered server ac-smdujpo-shard-00-01.zfch7o1.mongodb.net:27017 to client view of cluster
2024-06-03T12:53:11.405+05:30  INFO 26168 --- [TwitterTrendingScraper] [7o1.mongodb.net] org.mongodb.driver.cluster               : Adding discovered server ac-smdujpo-shard-00-00.zfch7o1.mongodb.net:27017 to client view of cluster
2024-06-03T12:53:11.406+05:30  INFO 26168 --- [TwitterTrendingScraper] [7o1.mongodb.net] org.mongodb.driver.cluster               : Adding discovered server ac-smdujpo-shard-00-02.zfch7o1.mongodb.net:27017 to client view of cluster
2024-06-03T12:53:11.785+05:30  INFO 26168 --- [TwitterTrendingScraper] [           main] o.s.b.a.w.s.WelcomePageHandlerMapping    : Adding welcome page template: index
2024-06-03T12:53:12.327+05:30  INFO 26168 --- [TwitterTrendingScraper] [           main] T.TwitterTrendingScraperApplicationTests : Started TwitterTrendingScraperApplicationTests in 3.237 seconds (process running for 4.436)
]]></system-out>
    <system-err><![CDATA[WARNING: A Java agent has been loaded dynamically (C:\Users\Anand Yadav\.m2\repository\net\bytebuddy\byte-buddy-agent\1.14.16\byte-buddy-agent-1.14.16.jar)
WARNING: If a serviceability tool is in use, please run with -XX:+EnableDynamicAgentLoading to hide this warning
WARNING: If a serviceability tool is not in use, please run with -Djdk.instrument.traceUsage for more information
WARNING: Dynamic loading of agents will be disallowed by default in a future release
]]></system-err>
  </testcase>
</testsuite>